0 info it worked if it ends with ok
1 verbose cli [ '/usr/bin/node', '/usr/bin/npm', 'install', '-g', 'pdfkit' ]
2 info using npm@1.4.28
3 info using node@v0.10.37
4 verbose node symlink /usr/bin/node
5 verbose cache add [ 'pdfkit', null ]
6 verbose cache add name=undefined spec="pdfkit" args=["pdfkit",null]
7 verbose parsed url { protocol: null,
7 verbose parsed url   slashes: null,
7 verbose parsed url   auth: null,
7 verbose parsed url   host: null,
7 verbose parsed url   port: null,
7 verbose parsed url   hostname: null,
7 verbose parsed url   hash: null,
7 verbose parsed url   search: null,
7 verbose parsed url   query: null,
7 verbose parsed url   pathname: 'pdfkit',
7 verbose parsed url   path: 'pdfkit',
7 verbose parsed url   href: 'pdfkit' }
8 silly lockFile a5101582-pdfkit pdfkit
9 verbose lock pdfkit /home/alysson/.npm/a5101582-pdfkit.lock
10 silly lockFile a5101582-pdfkit pdfkit
11 silly lockFile a5101582-pdfkit pdfkit
12 verbose addNamed [ 'pdfkit', '' ]
13 verbose addNamed [ null, '*' ]
14 silly lockFile 7b7b74b2-pdfkit pdfkit@
15 verbose lock pdfkit@ /home/alysson/.npm/7b7b74b2-pdfkit.lock
16 silly addNameRange { name: 'pdfkit', range: '*', hasData: false }
17 verbose request where is /pdfkit
18 verbose request registry https://registry.npmjs.org/
19 verbose request id c0cadff06d56a146
20 verbose url raw /pdfkit
21 verbose url resolving [ 'https://registry.npmjs.org/', './pdfkit' ]
22 verbose url resolved https://registry.npmjs.org/pdfkit
23 verbose request where is https://registry.npmjs.org/pdfkit
24 info trying registry request attempt 1 at 11:32:37
25 verbose etag "3G2Q1D1S6XNNENU73RZ0Z2IVL"
26 http GET https://registry.npmjs.org/pdfkit
27 http 304 https://registry.npmjs.org/pdfkit
28 silly registry.get cb [ 304,
28 silly registry.get   { date: 'Fri, 24 Jun 2016 14:32:39 GMT',
28 silly registry.get     via: '1.1 varnish',
28 silly registry.get     'cache-control': 'max-age=300',
28 silly registry.get     etag: '"3G2Q1D1S6XNNENU73RZ0Z2IVL"',
28 silly registry.get     age: '0',
28 silly registry.get     connection: 'keep-alive',
28 silly registry.get     'x-served-by': 'cache-jfk1035-JFK',
28 silly registry.get     'x-cache': 'HIT',
28 silly registry.get     'x-cache-hits': '1',
28 silly registry.get     'x-timer': 'S1466778759.568162,VS0,VE98',
28 silly registry.get     vary: 'Accept-Encoding' } ]
29 verbose etag https://registry.npmjs.org/pdfkit from cache
30 silly addNameRange number 2 { name: 'pdfkit', range: '*', hasData: true }
31 silly addNameRange versions [ 'pdfkit',
31 silly addNameRange   [ '0.1.0',
31 silly addNameRange     '0.1.1',
31 silly addNameRange     '0.1.2',
31 silly addNameRange     '0.1.3',
31 silly addNameRange     '0.1.4',
31 silly addNameRange     '0.1.5',
31 silly addNameRange     '0.1.6',
31 silly addNameRange     '0.1.7',
31 silly addNameRange     '0.1.8',
31 silly addNameRange     '0.1.9',
31 silly addNameRange     '0.2.0',
31 silly addNameRange     '0.2.1',
31 silly addNameRange     '0.2.2',
31 silly addNameRange     '0.2.3',
31 silly addNameRange     '0.2.4',
31 silly addNameRange     '0.2.5',
31 silly addNameRange     '0.2.6',
31 silly addNameRange     '0.2.7',
31 silly addNameRange     '0.2.8',
31 silly addNameRange     '0.3.0',
31 silly addNameRange     '0.4.0',
31 silly addNameRange     '0.4.2',
31 silly addNameRange     '0.4.3',
31 silly addNameRange     '0.5.0',
31 silly addNameRange     '0.5.2',
31 silly addNameRange     '0.5.3',
31 silly addNameRange     '0.6.0',
31 silly addNameRange     '0.6.1',
31 silly addNameRange     '0.6.2',
31 silly addNameRange     '0.6.3',
31 silly addNameRange     '0.6.4',
31 silly addNameRange     '0.6.5',
31 silly addNameRange     '0.7.0',
31 silly addNameRange     '0.7.1',
31 silly addNameRange     '0.7.2' ] ]
32 verbose addNamed [ 'pdfkit', '0.7.2' ]
33 verbose addNamed [ '0.7.2', '0.7.2' ]
34 silly lockFile 6b919721-pdfkit-0-7-2 pdfkit@0.7.2
35 verbose lock pdfkit@0.7.2 /home/alysson/.npm/6b919721-pdfkit-0-7-2.lock
36 silly lockFile 6b919721-pdfkit-0-7-2 pdfkit@0.7.2
37 silly lockFile 6b919721-pdfkit-0-7-2 pdfkit@0.7.2
38 silly lockFile 7b7b74b2-pdfkit pdfkit@
39 silly lockFile 7b7b74b2-pdfkit pdfkit@
40 silly resolved [ { name: 'pdfkit',
40 silly resolved     description: 'A PDF generation library for Node.js',
40 silly resolved     keywords:
40 silly resolved      [ 'pdf',
40 silly resolved        'pdf writer',
40 silly resolved        'pdf generator',
40 silly resolved        'graphics',
40 silly resolved        'document',
40 silly resolved        'vector' ],
40 silly resolved     version: '0.7.2',
40 silly resolved     homepage: 'http://pdfkit.org/',
40 silly resolved     author:
40 silly resolved      { name: 'Devon Govett',
40 silly resolved        email: 'devongovett@gmail.com',
40 silly resolved        url: 'http://badassjs.com/' },
40 silly resolved     repository:
40 silly resolved      { type: 'git',
40 silly resolved        url: 'git+https://github.com/devongovett/pdfkit.git' },
40 silly resolved     bugs: { url: 'http://github.com/devongovett/pdfkit/issues' },
40 silly resolved     devDependencies:
40 silly resolved      { 'coffee-script': '>=1.0.1',
40 silly resolved        codemirror: '~3.20.0',
40 silly resolved        markdown: '~0.5.0',
40 silly resolved        jade: '~1.1.5',
40 silly resolved        coffeeify: '^0.6.0',
40 silly resolved        browserify: '^3.39.0',
40 silly resolved        brfs: '~1.0.1',
40 silly resolved        exorcist: '^0.1.5',
40 silly resolved        brace: '^0.2.1',
40 silly resolved        'blob-stream': '^0.1.2' },
40 silly resolved     dependencies: { 'png-js': '>=0.1.0', linebreak: '~0.1.0' },
40 silly resolved     scripts: { prepublish: 'make js', postpublish: 'make clean' },
40 silly resolved     main: 'js/document',
40 silly resolved     browserify: { transform: [Object] },
40 silly resolved     engine: [ 'node >= v0.10.0' ],
40 silly resolved     gitHead: 'b883bec9123de9a7643d376628909acb1520c725',
40 silly resolved     _id: 'pdfkit@0.7.2',
40 silly resolved     _shasum: 'a6e67512e56f6de2bdd7b63388f461b47baa8c97',
40 silly resolved     _from: 'pdfkit@',
40 silly resolved     _npmVersion: '2.14.6',
40 silly resolved     _nodeVersion: '0.10.38',
40 silly resolved     _npmUser: { name: 'devongovett', email: 'devongovett@gmail.com' },
40 silly resolved     dist:
40 silly resolved      { shasum: 'a6e67512e56f6de2bdd7b63388f461b47baa8c97',
40 silly resolved        tarball: 'https://registry.npmjs.org/pdfkit/-/pdfkit-0.7.2.tgz' },
40 silly resolved     maintainers: [ [Object] ],
40 silly resolved     directories: {},
40 silly resolved     _resolved: 'https://registry.npmjs.org/pdfkit/-/pdfkit-0.7.2.tgz',
40 silly resolved     readme: 'ERROR: No README data found!' } ]
41 info install pdfkit@0.7.2 into /usr/lib
42 info installOne pdfkit@0.7.2
43 verbose lib/node_modules/pdfkit unbuild
44 verbose tar unpack /home/alysson/.npm/pdfkit/0.7.2/package.tgz
45 silly lockFile bd0f8e2c-tar-usr-lib-node-modules-pdfkit tar:///usr/lib/node_modules/pdfkit
46 verbose lock tar:///usr/lib/node_modules/pdfkit /home/alysson/.npm/bd0f8e2c-tar-usr-lib-node-modules-pdfkit.lock
47 silly lockFile fb41c7b3-son-npm-pdfkit-0-7-2-package-tgz tar:///home/alysson/.npm/pdfkit/0.7.2/package.tgz
48 verbose lock tar:///home/alysson/.npm/pdfkit/0.7.2/package.tgz /home/alysson/.npm/fb41c7b3-son-npm-pdfkit-0-7-2-package-tgz.lock
49 silly gunzTarPerm modes [ '775', '664' ]
50 error Error: EACCES, mkdir '/usr/lib/node_modules/pdfkit'
50 error  { [Error: EACCES, mkdir '/usr/lib/node_modules/pdfkit']
50 error   errno: 3,
50 error   code: 'EACCES',
50 error   path: '/usr/lib/node_modules/pdfkit',
50 error   fstream_type: 'Directory',
50 error   fstream_path: '/usr/lib/node_modules/pdfkit',
50 error   fstream_class: 'DirWriter',
50 error   fstream_stack:
50 error    [ '/usr/lib/node_modules/npm/node_modules/fstream/lib/dir-writer.js:36:23',
50 error      '/usr/lib/node_modules/npm/node_modules/mkdirp/index.js:46:53',
50 error      'Object.oncomplete (fs.js:108:15)' ] }
51 error Please try running this command again as root/Administrator.
52 error System Linux 3.13.0-86-generic
53 error command "/usr/bin/node" "/usr/bin/npm" "install" "-g" "pdfkit"
54 error cwd /home/alysson/git/SysDent
55 error node -v v0.10.37
56 error npm -v 1.4.28
57 error path /usr/lib/node_modules/pdfkit
58 error fstream_path /usr/lib/node_modules/pdfkit
59 error fstream_type Directory
60 error fstream_class DirWriter
61 error code EACCES
62 error errno 3
63 error stack Error: EACCES, mkdir '/usr/lib/node_modules/pdfkit'
64 error fstream_stack /usr/lib/node_modules/npm/node_modules/fstream/lib/dir-writer.js:36:23
64 error fstream_stack /usr/lib/node_modules/npm/node_modules/mkdirp/index.js:46:53
64 error fstream_stack Object.oncomplete (fs.js:108:15)
65 verbose exit [ 3, true ]
